[debug] [2024-11-29T08:29:29.697Z] ----------------------------------------------------------------------
[debug] [2024-11-29T08:29:29.699Z] Command:       C:\Program Files\nodejs\node.exe C:\Users\sarth\AppData\Roaming\npm\node_modules\firebase-tools\lib\bin\firebase.js init
[debug] [2024-11-29T08:29:29.699Z] CLI Version:   13.27.0
[debug] [2024-11-29T08:29:29.699Z] Platform:      win32
[debug] [2024-11-29T08:29:29.699Z] Node Version:  v23.1.0
[debug] [2024-11-29T08:29:29.700Z] Time:          Fri Nov 29 2024 13:59:29 GMT+0530 (India Standard Time)
[debug] [2024-11-29T08:29:29.700Z] ----------------------------------------------------------------------
[debug] 
[debug] [2024-11-29T08:29:29.705Z] > command requires scopes: ["email","openid","https://www.googleapis.com/auth/cloudplatformprojects.readonly","https://www.googleapis.com/auth/firebase","https://www.googleapis.com/auth/cloud-platform"]
[debug] [2024-11-29T08:29:29.706Z] > authorizing via signed-in user (sarthakgoyal809@gmail.com)
[info] 
     ######## #### ########  ######## ########     ###     ######  ########
     ##        ##  ##     ## ##       ##     ##  ##   ##  ##       ##
     ######    ##  ########  ######   ########  #########  ######  ######
     ##        ##  ##    ##  ##       ##     ## ##     ##       ## ##
     ##       #### ##     ## ######## ########  ##     ##  ######  ########

You're about to initialize a Firebase project in this directory:

  C:\Users\sarth\OneDrive\Desktop\admin-panel\admin-page

[info] 
=== Project Setup
[info] 
[info] First, let's associate this project directory with a Firebase project.
[info] You can create multiple project aliases by running firebase use --add, 
[info] but for now we'll just set up a default project.
[info] 
[debug] [2024-11-29T08:30:12.962Z] Checked if tokens are valid: true, expires at: 1732872516749
[debug] [2024-11-29T08:30:12.963Z] Checked if tokens are valid: true, expires at: 1732872516749
[debug] [2024-11-29T08:30:12.963Z] >>> [apiv2][query] GET https://firebase.googleapis.com/v1beta1/projects pageSize=100
[debug] [2024-11-29T08:30:13.563Z] <<< [apiv2][status] GET https://firebase.googleapis.com/v1beta1/projects 200
[debug] [2024-11-29T08:30:13.563Z] <<< [apiv2][body] GET https://firebase.googleapis.com/v1beta1/projects [omitted]
[info] i  Using project admin-panel-5cd6f (admin-panel) 
[info] 
=== Dataconnect Setup
[debug] [2024-11-29T08:30:15.094Z] Checked if tokens are valid: true, expires at: 1732872516749
[debug] [2024-11-29T08:30:15.094Z] Checked if tokens are valid: true, expires at: 1732872516749
[debug] [2024-11-29T08:30:15.094Z] >>> [apiv2][query] GET https://cloudbilling.googleapis.com/v1/projects/admin-panel-5cd6f/billingInfo [none]
[debug] [2024-11-29T08:30:16.597Z] <<< [apiv2][status] GET https://cloudbilling.googleapis.com/v1/projects/admin-panel-5cd6f/billingInfo 200
[debug] [2024-11-29T08:30:16.598Z] <<< [apiv2][body] GET https://cloudbilling.googleapis.com/v1/projects/admin-panel-5cd6f/billingInfo {"name":"projects/admin-panel-5cd6f/billingInfo","projectId":"admin-panel-5cd6f","billingAccountName":"","billingEnabled":false}
[info] i  dataconnect: ensuring required API sqladmin.googleapis.com is enabled... 
[debug] [2024-11-29T08:30:16.601Z] Checked if tokens are valid: true, expires at: 1732872516749
[debug] [2024-11-29T08:30:16.601Z] Checked if tokens are valid: true, expires at: 1732872516749
[debug] [2024-11-29T08:30:16.602Z] >>> [apiv2][query] GET https://serviceusage.googleapis.com/v1/projects/admin-panel-5cd6f/services/sqladmin.googleapis.com [none]
[debug] [2024-11-29T08:30:16.602Z] >>> [apiv2][(partial)header] GET https://serviceusage.googleapis.com/v1/projects/admin-panel-5cd6f/services/sqladmin.googleapis.com x-goog-quota-user=projects/admin-panel-5cd6f
[debug] [2024-11-29T08:30:18.693Z] <<< [apiv2][status] GET https://serviceusage.googleapis.com/v1/projects/admin-panel-5cd6f/services/sqladmin.googleapis.com 200
[debug] [2024-11-29T08:30:18.693Z] <<< [apiv2][body] GET https://serviceusage.googleapis.com/v1/projects/admin-panel-5cd6f/services/sqladmin.googleapis.com [omitted]
[warn] !  dataconnect: missing required API sqladmin.googleapis.com. Enabling now... 
[debug] [2024-11-29T08:30:18.694Z] Checked if tokens are valid: true, expires at: 1732872516749
[debug] [2024-11-29T08:30:18.694Z] Checked if tokens are valid: true, expires at: 1732872516749
[debug] [2024-11-29T08:30:18.694Z] >>> [apiv2][query] POST https://serviceusage.googleapis.com/v1/projects/admin-panel-5cd6f/services/sqladmin.googleapis.com:enable [none]
[debug] [2024-11-29T08:30:18.694Z] >>> [apiv2][(partial)header] POST https://serviceusage.googleapis.com/v1/projects/admin-panel-5cd6f/services/sqladmin.googleapis.com:enable x-goog-quota-user=projects/admin-panel-5cd6f
[debug] [2024-11-29T08:30:19.245Z] <<< [apiv2][status] POST https://serviceusage.googleapis.com/v1/projects/admin-panel-5cd6f/services/sqladmin.googleapis.com:enable 200
[debug] [2024-11-29T08:30:19.245Z] <<< [apiv2][body] POST https://serviceusage.googleapis.com/v1/projects/admin-panel-5cd6f/services/sqladmin.googleapis.com:enable [omitted]
[debug] [2024-11-29T08:30:29.251Z] Checked if tokens are valid: true, expires at: 1732872516749
[debug] [2024-11-29T08:30:29.252Z] Checked if tokens are valid: true, expires at: 1732872516749
[debug] [2024-11-29T08:30:29.252Z] >>> [apiv2][query] GET https://serviceusage.googleapis.com/v1/projects/admin-panel-5cd6f/services/sqladmin.googleapis.com [none]
[debug] [2024-11-29T08:30:29.253Z] >>> [apiv2][(partial)header] GET https://serviceusage.googleapis.com/v1/projects/admin-panel-5cd6f/services/sqladmin.googleapis.com x-goog-quota-user=projects/admin-panel-5cd6f
[debug] [2024-11-29T08:30:30.851Z] <<< [apiv2][status] GET https://serviceusage.googleapis.com/v1/projects/admin-panel-5cd6f/services/sqladmin.googleapis.com 200
[debug] [2024-11-29T08:30:30.851Z] <<< [apiv2][body] GET https://serviceusage.googleapis.com/v1/projects/admin-panel-5cd6f/services/sqladmin.googleapis.com [omitted]
[info] +  dataconnect: required API sqladmin.googleapis.com is enabled 
[info] +  Wrote dataconnect\dataconnect.yaml 
[info] +  Wrote dataconnect\schema\schema.gql 
[info] +  Wrote dataconnect\connector\connector.yaml 
[info] +  Wrote dataconnect\connector\queries.gql 
[info] +  Wrote dataconnect\connector\mutations.gql 
[info] +  Detected WEB app in directory C:\Users\sarth\OneDrive\Desktop\admin-panel\admin-page 
[info] i  Wrote new config to C:\Users\sarth\OneDrive\Desktop\admin-panel\admin-page\dataconnect\connector/connector.yaml 
[info] i  dataconnect: downloading dataconnect-emulator-1.7.3.exe... {"metadata":{"emulator":{"name":"dataconnect"},"message":"downloading dataconnect-emulator-1.7.3.exe..."}}
[debug] [2024-11-29T08:30:52.824Z] >>> [apiv2][query] GET https://storage.googleapis.com/firemat-preview-drop/emulator/dataconnect-emulator-windows-v1.7.3 
[debug] [2024-11-29T08:30:53.280Z] <<< [apiv2][status] GET https://storage.googleapis.com/firemat-preview-drop/emulator/dataconnect-emulator-windows-v1.7.3 200
[debug] [2024-11-29T08:30:53.280Z] <<< [apiv2][body] GET https://storage.googleapis.com/firemat-preview-drop/emulator/dataconnect-emulator-windows-v1.7.3 [stream]
[info] I1129 14:01:02.117423   20040 codegen.go:82] [connector "default" javascriptSdk] Generating sources into "C:\\Users\\sarth\\OneDrive\\Desktop\\admin-panel\\admin-page\\dataconnect-generated\\js\\default-connector"
I1129 14:01:02.118551   20040 generate.go:40] Generated all sources. Writing them to disk...
I1129 14:01:02.122340   20040 collector.go:107] connector "default" javascriptSdk wrote into "C:\\Users\\sarth\\OneDrive\\Desktop\\admin-panel\\admin-page\\dataconnect-generated\\js\\default-connector"
Generated sources: esm\index.esm.js [183B] esm\package.json [17B] index.cjs.js [224B] package.json [623B] index.d.ts [264B] 
I1129 14:01:02.131230   20040 installsdk.go:76] Running command: C:\Program Files\nodejs\npm.cmd install file:dataconnect-generated\js\default-connector

[info] i  Generated SDK code for default 
[info] +  If you'd like to add more generated SDKs to your app your later, run firebase init dataconnect:sdk again 
[info] i  If you'd like to provision a CloudSQL Postgres instance on the Firebase Data Connect no-cost trial:
1. Please upgrade to the pay-as-you-go (Blaze) billing plan. Visit the following page:
     https://console.firebase.google.com/project/admin-panel-5cd6f/usage/details
2. Run firebase init dataconnect again to configure the Cloud SQL instance.
3. Run firebase deploy --only dataconnect to deploy your Data Connect service. 
[info] 
=== Apphosting Setup
[debug] [2024-11-29T08:31:05.795Z] Checked if tokens are valid: true, expires at: 1732872516749
[debug] [2024-11-29T08:31:05.799Z] Checked if tokens are valid: true, expires at: 1732872516749
[debug] [2024-11-29T08:31:05.799Z] >>> [apiv2][query] GET https://cloudbilling.googleapis.com/v1/projects/admin-panel-5cd6f/billingInfo [none]
[debug] [2024-11-29T08:31:07.212Z] <<< [apiv2][status] GET https://cloudbilling.googleapis.com/v1/projects/admin-panel-5cd6f/billingInfo 200
[debug] [2024-11-29T08:31:07.212Z] <<< [apiv2][body] GET https://cloudbilling.googleapis.com/v1/projects/admin-panel-5cd6f/billingInfo {"name":"projects/admin-panel-5cd6f/billingInfo","projectId":"admin-panel-5cd6f","billingAccountName":"","billingEnabled":false}
[info] i  Writing default settings to apphosting.yaml... 
[info] +  Wrote apphosting.yaml 
[info] +  Create a new App Hosting backend with `firebase apphosting:backends:create` 
[info] 
=== Hosting Setup
[debug] [2024-11-29T08:31:07.216Z] Checked if tokens are valid: true, expires at: 1732872516749
[debug] [2024-11-29T08:31:07.216Z] Checked if tokens are valid: true, expires at: 1732872516749
[debug] [2024-11-29T08:31:07.216Z] >>> [apiv2][query] GET https://firebase.googleapis.com/v1beta1/projects/admin-panel-5cd6f [none]
[debug] [2024-11-29T08:31:08.451Z] <<< [apiv2][status] GET https://firebase.googleapis.com/v1beta1/projects/admin-panel-5cd6f 200
[debug] [2024-11-29T08:31:08.451Z] <<< [apiv2][body] GET https://firebase.googleapis.com/v1beta1/projects/admin-panel-5cd6f {"projectId":"admin-panel-5cd6f","projectNumber":"237518877683","displayName":"admin-panel","name":"projects/admin-panel-5cd6f","resources":{"hostingSite":"admin-panel-5cd6f"},"state":"ACTIVE","etag":"1_007a7d33-40fd-4a38-8d52-1f7511ea77b0"}
[info] 
[info] Your public directory is the folder (relative to your project directory) that
[info] will contain Hosting assets to be uploaded with firebase deploy. If you
[info] have a build process for your assets, use your build's output directory.
[info] 
[info] +  Wrote public/404.html 
[debug] [2024-11-29T08:31:29.678Z] >>> [apiv2][query] GET https://www.gstatic.com/firebasejs/releases.json [none]
[debug] [2024-11-29T08:31:29.795Z] <<< [apiv2][status] GET https://www.gstatic.com/firebasejs/releases.json 200
[debug] [2024-11-29T08:31:29.795Z] <<< [apiv2][body] GET https://www.gstatic.com/firebasejs/releases.json {"current":{"version":"11.0.2","browserURL":"https://www.gstatic.com/firebasejs/11.0.2/firebase.js","packageURL":"https://www.gstatic.com/firebasejs/11.0.2/firebase.tgz"},"live":{"version":"11.0","browserURL":"https://www.gstatic.com/firebasejs/live/11.0/firebase.js","packageURL":"https://www.gstatic.com/firebasejs/live/11.0/firebase.tgz"},"components":{"analytics":"https://www.gstatic.com/firebasejs/11.0.2/firebase-analytics.js","app":"https://www.gstatic.com/firebasejs/11.0.2/firebase-app.js","app-check":"https://www.gstatic.com/firebasejs/11.0.2/firebase-app-check.js","auth":"https://www.gstatic.com/firebasejs/11.0.2/firebase-auth.js","auth/cordova":"https://www.gstatic.com/firebasejs/11.0.2/firebase-auth/cordova.js","auth/web-extension":"https://www.gstatic.com/firebasejs/11.0.2/firebase-auth/web-extension.js","functions":"https://www.gstatic.com/firebasejs/11.0.2/firebase-functions.js","firestore":"https://www.gstatic.com/firebasejs/11.0.2/firebase-firestore.js","firestore/lite":"https://www.gstatic.com/firebasejs/11.0.2/firebase-firestore/lite.js","installations":"https://www.gstatic.com/firebasejs/11.0.2/firebase-installations.js","storage":"https://www.gstatic.com/firebasejs/11.0.2/firebase-storage.js","performance":"https://www.gstatic.com/firebasejs/11.0.2/firebase-performance.js","remote-config":"https://www.gstatic.com/firebasejs/11.0.2/firebase-remote-config.js","messaging":"https://www.gstatic.com/firebasejs/11.0.2/firebase-messaging.js","messaging/sw":"https://www.gstatic.com/firebasejs/11.0.2/firebase-messaging/sw.js","database":"https://www.gstatic.com/firebasejs/11.0.2/firebase-database.js","vertexai":"https://www.gstatic.com/firebasejs/11.0.2/firebase-vertexai.js","data-connect":"https://www.gstatic.com/firebasejs/11.0.2/firebase-data-connect.js","firestore.memory":"https://www.gstatic.com/firebasejs/11.0.2/firebase-firestore.memory.js"}}
[info] i  Skipping write of public/index.html 
[info] 
[info] i  Detected a .git folder at C:\Users\sarth\OneDrive\Desktop\admin-panel\admin-page 
[info] i  Authorizing with GitHub to upload your service account to a GitHub repository's secrets store. 
[info] 
[info] Visit this URL on this device to log in:
[info] https://github.com/login/oauth/authorize?client_id=89cf50f02ac6aaed3484&state=805233618&redirect_uri=http%3A%2F%2Flocalhost%3A9005&scope=read%3Auser%20repo%20public_repo
[info] 
[info] Waiting for authentication...
[debug] [2024-11-29T08:31:47.025Z] >>> [apiv2][query] POST https://github.com/login/oauth/access_token [none]
[debug] [2024-11-29T08:31:47.025Z] >>> [apiv2][body] POST https://github.com/login/oauth/access_token [stream]
[debug] [2024-11-29T08:31:47.400Z] <<< [apiv2][status] POST https://github.com/login/oauth/access_token 200
[debug] [2024-11-29T08:31:47.400Z] <<< [apiv2][body] POST https://github.com/login/oauth/access_token {"access_token":"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","token_type":"bearer","scope":"read:user,repo"}
[debug] [2024-11-29T08:31:47.411Z] >>> [apiv2][query] GET https://api.github.com/user [none]
[debug] [2024-11-29T08:31:47.811Z] <<< [apiv2][status] GET https://api.github.com/user 200
[debug] [2024-11-29T08:31:47.812Z] <<< [apiv2][body] GET https://api.github.com/user {"login":"shadow-14","id":82680055,"node_id":"MDQ6VXNlcjgyNjgwMDU1","avatar_url":"https://avatars.githubusercontent.com/u/82680055?v=4","gravatar_id":"","url":"https://api.github.com/users/shadow-14","html_url":"https://github.com/shadow-14","followers_url":"https://api.github.com/users/shadow-14/followers","following_url":"https://api.github.com/users/shadow-14/following{/other_user}","gists_url":"https://api.github.com/users/shadow-14/gists{/gist_id}","starred_url":"https://api.github.com/users/shadow-14/starred{/owner}{/repo}","subscriptions_url":"https://api.github.com/users/shadow-14/subscriptions","organizations_url":"https://api.github.com/users/shadow-14/orgs","repos_url":"https://api.github.com/users/shadow-14/repos","events_url":"https://api.github.com/users/shadow-14/events{/privacy}","received_events_url":"https://api.github.com/users/shadow-14/received_events","type":"User","user_view_type":"private","site_admin":false,"name":"Sarthak Goyal","company":null,"blog":"","location":null,"email":null,"hireable":null,"bio":null,"twitter_username":null,"notification_email":null,"public_repos":8,"public_gists":0,"followers":1,"following":0,"created_at":"2021-04-16T20:37:54Z","updated_at":"2024-11-15T02:39:18Z","private_gists":0,"total_private_repos":1,"owned_private_repos":1,"disk_usage":62229,"collaborators":0,"two_factor_authentication":false,"plan":{"name":"free","space":976562499,"collaborators":0,"private_repos":10000}}
[info] 
[info] +  Success! Logged into GitHub as shadow-14 
[info] 
[debug] [2024-11-29T08:32:41.820Z] >>> [apiv2][query] GET https://api.github.com/repos/shadow-14/admin-panel/actions/secrets/public-key type=owner
[debug] [2024-11-29T08:32:42.208Z] <<< [apiv2][status] GET https://api.github.com/repos/shadow-14/admin-panel/actions/secrets/public-key 404
[debug] [2024-11-29T08:32:42.208Z] <<< [apiv2][body] GET https://api.github.com/repos/shadow-14/admin-panel/actions/secrets/public-key {"message":"Not Found","documentation_url":"https://docs.github.com/rest/actions/secrets#get-a-repository-public-key","status":"404"}
[info] 
[info] 
[error] !  The provided authorization cannot be used with this repository. If this repository is in an organization, did you remember to grant access? 
[info] 
[info] i  Action required: Visit this URL to ensure access has been granted to the appropriate organization(s) for the Firebase CLI GitHub OAuth App: 
[info] https://github.com/settings/connections/applications/89cf50f02ac6aaed3484
[info] 
[debug] [2024-11-29T08:33:02.771Z] >>> [apiv2][query] GET https://api.github.com/repos/shadow-14/admin-panel/actions/secrets/public-key type=owner
[debug] [2024-11-29T08:33:03.110Z] <<< [apiv2][status] GET https://api.github.com/repos/shadow-14/admin-panel/actions/secrets/public-key 404
[debug] [2024-11-29T08:33:03.110Z] <<< [apiv2][body] GET https://api.github.com/repos/shadow-14/admin-panel/actions/secrets/public-key {"message":"Not Found","documentation_url":"https://docs.github.com/rest/actions/secrets#get-a-repository-public-key","status":"404"}
[info] 
[info] 
[error] !  The provided authorization cannot be used with this repository. If this repository is in an organization, did you remember to grant access? 
[info] 
[info] i  Action required: Visit this URL to ensure access has been granted to the appropriate organization(s) for the Firebase CLI GitHub OAuth App: 
[info] https://github.com/settings/connections/applications/89cf50f02ac6aaed3484
[info] 
